#
# There is insufficient memory for the Java Runtime Environment to continue.
# Native memory allocation (malloc) failed to allocate 436336 bytes for Chunk::new
# Possible reasons:
#   The system is out of physical RAM or swap space
#   In 32 bit mode, the process size limit was hit
# Possible solutions:
#   Reduce memory load on the system
#   Increase physical memory or swap space
#   Check if swap backing store is full
#   Use 64 bit Java on a 64 bit OS
#   Decrease Java heap size (-Xmx/-Xms)
#   Decrease number of Java threads
#   Decrease Java thread stack sizes (-Xss)
#   Set larger code cache with -XX:ReservedCodeCacheSize=
# This output file may be truncated or incomplete.
#
#  Out of Memory Error (allocation.cpp:390), pid=9968, tid=0x0000000000004038
#
# JRE version: Java(TM) SE Runtime Environment (8.0_191-b12) (build 1.8.0_191-b12)
# Java VM: Java HotSpot(TM) 64-Bit Server VM (25.191-b12 mixed mode windows-amd64 compressed oops)
# Failed to write core dump. Minidumps are not enabled by default on client versions of Windows
#

---------------  T H R E A D  ---------------

Current thread (0x0000000019888800):  JavaThread "C2 CompilerThread0" daemon [_thread_in_native, id=16440, stack(0x000000001a0b0000,0x000000001a1b0000)]

Stack: [0x000000001a0b0000,0x000000001a1b0000]
[error occurred during error reporting (printing stack bounds), id 0xc0000005]

Native frames: (J=compiled Java code, j=interpreted, Vv=VM code, C=native code)


Current CompileTask:
C2:   4513 4169   !   4       org.apache.tomcat.util.bcel.classfile.ClassParser::parse (294 bytes)


---------------  P R O C E S S  ---------------

Java Threads: ( => current thread )
  0x000000001bbbb800 JavaThread "localhost-startStop-1" daemon [_thread_in_native, id=6100, stack(0x000000001fdd0000,0x000000001fed0000)]
  0x000000001f0ad000 JavaThread "Tomcat-startStop-1" daemon [_thread_blocked, id=7044, stack(0x000000001ed00000,0x000000001ee00000)]
  0x0000000019988000 JavaThread "Service Thread" daemon [_thread_blocked, id=7500, stack(0x000000001a4b0000,0x000000001a5b0000)]
  0x00000000198f5000 JavaThread "C1 CompilerThread3" daemon [_thread_blocked, id=11468, stack(0x000000001a3b0000,0x000000001a4b0000)]
  0x00000000198f1800 JavaThread "C2 CompilerThread2" daemon [_thread_in_native, id=18952, stack(0x000000001a2b0000,0x000000001a3b0000)]
  0x00000000198ee800 JavaThread "C2 CompilerThread1" daemon [_thread_in_native, id=17728, stack(0x000000001a1b0000,0x000000001a2b0000)]
=>0x0000000019888800 JavaThread "C2 CompilerThread0" daemon [_thread_in_native, id=16440, stack(0x000000001a0b0000,0x000000001a1b0000)]
  0x0000000019886800 JavaThread "Attach Listener" daemon [_thread_blocked, id=10292, stack(0x0000000019fb0000,0x000000001a0b0000)]
  0x00000000198e3000 JavaThread "Signal Dispatcher" daemon [_thread_blocked, id=6308, stack(0x0000000019eb0000,0x0000000019fb0000)]
  0x0000000019870800 JavaThread "Finalizer" daemon [_thread_blocked, id=12728, stack(0x0000000019d50000,0x0000000019e50000)]
  0x0000000017a7d000 JavaThread "Reference Handler" daemon [_thread_blocked, id=11380, stack(0x0000000019c50000,0x0000000019d50000)]
  0x00000000029fe800 JavaThread "main" [_thread_blocked, id=14672, stack(0x0000000002880000,0x0000000002980000)]

Other Threads:
  0x0000000017a79000 VMThread [stack: 0x0000000019750000,0x0000000019850000] [id=18492]
  0x0000000019991000 WatcherThread [stack: 0x000000001a5b0000,0x000000001a6b0000] [id=12760]

VM state:not at safepoint (normal execution)

VM Mutex/Monitor currently owned by a thread: None

Heap:
 PSYoungGen      total 143872K, used 137602K [0x00000000d5f00000, 0x00000000df600000, 0x0000000100000000)
  eden space 133120K, 95% used [0x00000000d5f00000,0x00000000ddae2a40,0x00000000de100000)
  from space 10752K, 99% used [0x00000000de100000,0x00000000deb7ddc8,0x00000000deb80000)
  to   space 10752K, 0% used [0x00000000deb80000,0x00000000deb80000,0x00000000df600000)
 ParOldGen       total 73728K, used 25005K [0x0000000081c00000, 0x0000000086400000, 0x00000000d5f00000)
  object space 73728K, 33% used [0x0000000081c00000,0x000000008346b4d0,0x0000000086400000)
 Metaspace       used 23829K, capacity 24376K, committed 24752K, reserved 1071104K
  class space    used 2772K, capacity 2903K, committed 2992K, reserved 1048576K

Card table byte_map: [0x0000000011ec0000,0x00000000122c0000] byte_map_base: 0x0000000011ab2000

Marking Bits: (ParMarkBitMap*) 0x0000000050b73e30
 Begin Bits: [0x0000000012d70000, 0x0000000014d00000)
 End Bits:   [0x0000000014d00000, 0x0000000016c90000)

Polling page: 0x00000000007d0000

CodeCache: size=245760Kb used=14577Kb max_used=16014Kb free=231182Kb
 bounds [0x0000000002b00000, 0x0000000003ac0000, 0x0000000011b00000]
 total_blobs=4253 nmethods=3848 adapters=317
 compilation: enabled

Compilation events (10 events):
Event: 4.437 Thread 0x0000000019888800 nmethod 4164 0x0000000002dbe610 code [0x0000000002dbec60, 0x0000000002dc1d98]
Event: 4.437 Thread 0x0000000019888800 4166       4       org.apache.tomcat.util.bcel.classfile.StackMapTable::<init> (67 bytes)
Event: 4.439 Thread 0x0000000019888800 nmethod 4166 0x0000000002c3d710 code [0x0000000002c3d880, 0x0000000002c3db98]
Event: 4.439 Thread 0x0000000019888800 4165       4       org.apache.tomcat.util.bcel.classfile.ClassParser::<init> (90 bytes)
Event: 4.445 Thread 0x0000000019888800 nmethod 4165 0x00000000030cf0d0 code [0x00000000030cf260, 0x00000000030cf988]
Event: 4.445 Thread 0x0000000019888800 4167   !   4       java.util.zip.ZipFile::getEntry (101 bytes)
Event: 4.456 Thread 0x0000000019888800 nmethod 4167 0x0000000002c1e350 code [0x0000000002c1e520, 0x0000000002c1f120]
Event: 4.479 Thread 0x0000000019888800 4168       4       java.net.URLConnection::<init> (44 bytes)
Event: 4.480 Thread 0x0000000019888800 nmethod 4168 0x0000000002c04890 code [0x0000000002c049c0, 0x0000000002c04a58]
Event: 4.487 Thread 0x0000000019888800 4169   !   4       org.apache.tomcat.util.bcel.classfile.ClassParser::parse (294 bytes)

GC Heap History (10 events):
Event: 1.543 GC heap before
{Heap before GC invocations=4 (full 0):
 PSYoungGen      total 38400K, used 38376K [0x00000000d5f00000, 0x00000000daa00000, 0x0000000100000000)
  eden space 33280K, 100% used [0x00000000d5f00000,0x00000000d7f80000,0x00000000d7f80000)
  from space 5120K, 99% used [0x00000000d7f80000,0x00000000d847a040,0x00000000d8480000)
  to   space 5120K, 0% used [0x00000000da500000,0x00000000da500000,0x00000000daa00000)
 ParOldGen       total 87552K, used 6222K [0x0000000081c00000, 0x0000000087180000, 0x00000000d5f00000)
  object space 87552K, 7% used [0x0000000081c00000,0x0000000082213b98,0x0000000087180000)
 Metaspace       used 15496K, capacity 15826K, committed 16128K, reserved 1062912K
  class space    used 1862K, capacity 1949K, committed 2048K, reserved 1048576K
Event: 1.549 GC heap after
Heap after GC invocations=4 (full 0):
 PSYoungGen      total 71680K, used 5112K [0x00000000d5f00000, 0x00000000daa00000, 0x0000000100000000)
  eden space 66560K, 0% used [0x00000000d5f00000,0x00000000d5f00000,0x00000000da000000)
  from space 5120K, 99% used [0x00000000da500000,0x00000000da9fe030,0x00000000daa00000)
  to   space 5120K, 0% used [0x00000000da000000,0x00000000da000000,0x00000000da500000)
 ParOldGen       total 87552K, used 8760K [0x0000000081c00000, 0x0000000087180000, 0x00000000d5f00000)
  object space 87552K, 10% used [0x0000000081c00000,0x000000008248e148,0x0000000087180000)
 Metaspace       used 15496K, capacity 15826K, committed 16128K, reserved 1062912K
  class space    used 1862K, capacity 1949K, committed 2048K, reserved 1048576K
}
Event: 2.558 GC heap before
{Heap before GC invocations=5 (full 0):
 PSYoungGen      total 71680K, used 71672K [0x00000000d5f00000, 0x00000000daa00000, 0x0000000100000000)
  eden space 66560K, 100% used [0x00000000d5f00000,0x00000000da000000,0x00000000da000000)
  from space 5120K, 99% used [0x00000000da500000,0x00000000da9fe030,0x00000000daa00000)
  to   space 5120K, 0% used [0x00000000da000000,0x00000000da000000,0x00000000da500000)
 ParOldGen       total 87552K, used 8760K [0x0000000081c00000, 0x0000000087180000, 0x00000000d5f00000)
  object space 87552K, 10% used [0x0000000081c00000,0x000000008248e148,0x0000000087180000)
 Metaspace       used 17116K, capacity 17516K, committed 17792K, reserved 1064960K
  class space    used 1993K, capacity 2128K, committed 2176K, reserved 1048576K
Event: 2.567 GC heap after
Heap after GC invocations=5 (full 0):
 PSYoungGen      total 71680K, used 5096K [0x00000000d5f00000, 0x00000000df600000, 0x0000000100000000)
  eden space 66560K, 0% used [0x00000000d5f00000,0x00000000d5f00000,0x00000000da000000)
  from space 5120K, 99% used [0x00000000da000000,0x00000000da4fa020,0x00000000da500000)
  to   space 10752K, 0% used [0x00000000deb80000,0x00000000deb80000,0x00000000df600000)
 ParOldGen       total 87552K, used 13318K [0x0000000081c00000, 0x0000000087180000, 0x00000000d5f00000)
  object space 87552K, 15% used [0x0000000081c00000,0x00000000829019c0,0x0000000087180000)
 Metaspace       used 17116K, capacity 17516K, committed 17792K, reserved 1064960K
  class space    used 1993K, capacity 2128K, committed 2176K, reserved 1048576K
}
Event: 3.239 GC heap before
{Heap before GC invocations=6 (full 0):
 PSYoungGen      total 71680K, used 40646K [0x00000000d5f00000, 0x00000000df600000, 0x0000000100000000)
  eden space 66560K, 53% used [0x00000000d5f00000,0x00000000d81b7908,0x00000000da000000)
  from space 5120K, 99% used [0x00000000da000000,0x00000000da4fa020,0x00000000da500000)
  to   space 10752K, 0% used [0x00000000deb80000,0x00000000deb80000,0x00000000df600000)
 ParOldGen       total 87552K, used 13318K [0x0000000081c00000, 0x0000000087180000, 0x00000000d5f00000)
  object space 87552K, 15% used [0x0000000081c00000,0x00000000829019c0,0x0000000087180000)
 Metaspace       used 20753K, capacity 21264K, committed 21296K, reserved 1069056K
  class space    used 2447K, capacity 2592K, committed 2608K, reserved 1048576K
Event: 3.250 GC heap after
Heap after GC invocations=6 (full 0):
 PSYoungGen      total 143872K, used 9297K [0x00000000d5f00000, 0x00000000df600000, 0x0000000100000000)
  eden space 133120K, 0% used [0x00000000d5f00000,0x00000000d5f00000,0x00000000de100000)
  from space 10752K, 86% used [0x00000000deb80000,0x00000000df494758,0x00000000df600000)
  to   space 10752K, 0% used [0x00000000de100000,0x00000000de100000,0x00000000deb80000)
 ParOldGen       total 87552K, used 13326K [0x0000000081c00000, 0x0000000087180000, 0x00000000d5f00000)
  object space 87552K, 15% used [0x0000000081c00000,0x00000000829039c0,0x0000000087180000)
 Metaspace       used 20753K, capacity 21264K, committed 21296K, reserved 1069056K
  class space    used 2447K, capacity 2592K, committed 2608K, reserved 1048576K
}
Event: 3.250 GC heap before
{Heap before GC invocations=7 (full 1):
 PSYoungGen      total 143872K, used 9297K [0x00000000d5f00000, 0x00000000df600000, 0x0000000100000000)
  eden space 133120K, 0% used [0x00000000d5f00000,0x00000000d5f00000,0x00000000de100000)
  from space 10752K, 86% used [0x00000000deb80000,0x00000000df494758,0x00000000df600000)
  to   space 10752K, 0% used [0x00000000de100000,0x00000000de100000,0x00000000deb80000)
 ParOldGen       total 87552K, used 13326K [0x0000000081c00000, 0x0000000087180000, 0x00000000d5f00000)
  object space 87552K, 15% used [0x0000000081c00000,0x00000000829039c0,0x0000000087180000)
 Metaspace       used 20753K, capacity 21264K, committed 21296K, reserved 1069056K
  class space    used 2447K, capacity 2592K, committed 2608K, reserved 1048576K
Event: 3.309 GC heap after
Heap after GC invocations=7 (full 1):
 PSYoungGen      total 143872K, used 0K [0x00000000d5f00000, 0x00000000df600000, 0x0000000100000000)
  eden space 133120K, 0% used [0x00000000d5f00000,0x00000000d5f00000,0x00000000de100000)
  from space 10752K, 0% used [0x00000000deb80000,0x00000000deb80000,0x00000000df600000)
  to   space 10752K, 0% used [0x00000000de100000,0x00000000de100000,0x00000000deb80000)
 ParOldGen       total 73728K, used 15514K [0x0000000081c00000, 0x0000000086400000, 0x00000000d5f00000)
  object space 73728K, 21% used [0x0000000081c00000,0x0000000082b26a80,0x0000000086400000)
 Metaspace       used 20753K, capacity 21264K, committed 21296K, reserved 1069056K
  class space    used 2447K, capacity 2592K, committed 2608K, reserved 1048576K
}
Event: 4.177 GC heap before
{Heap before GC invocations=8 (full 1):
 PSYoungGen      total 143872K, used 133120K [0x00000000d5f00000, 0x00000000df600000, 0x0000000100000000)
  eden space 133120K, 100% used [0x00000000d5f00000,0x00000000de100000,0x00000000de100000)
  from space 10752K, 0% used [0x00000000deb80000,0x00000000deb80000,0x00000000df600000)
  to   space 10752K, 0% used [0x00000000de100000,0x00000000de100000,0x00000000deb80000)
 ParOldGen       total 73728K, used 15514K [0x0000000081c00000, 0x0000000086400000, 0x00000000d5f00000)
  object space 73728K, 21% used [0x0000000081c00000,0x0000000082b26a80,0x0000000086400000)
 Metaspace       used 23812K, capacity 24308K, committed 24496K, reserved 1071104K
  class space    used 2770K, capacity 2903K, committed 2992K, reserved 1048576K
Event: 4.189 GC heap after
Heap after GC invocations=8 (full 1):
 PSYoungGen      total 143872K, used 10743K [0x00000000d5f00000, 0x00000000df600000, 0x0000000100000000)
  eden space 133120K, 0% used [0x00000000d5f00000,0x00000000d5f00000,0x00000000de100000)
  from space 10752K, 99% used [0x00000000de100000,0x00000000deb7ddc8,0x00000000deb80000)
  to   space 10752K, 0% used [0x00000000deb80000,0x00000000deb80000,0x00000000df600000)
 ParOldGen       total 73728K, used 25005K [0x0000000081c00000, 0x0000000086400000, 0x00000000d5f00000)
  object space 73728K, 33% used [0x0000000081c00000,0x000000008346b4d0,0x0000000086400000)
 Metaspace       used 23812K, capacity 24308K, committed 24496K, reserved 1071104K
  class space    used 2770K, capacity 2903K, committed 2992K, reserved 1048576K
}

Deoptimization events (10 events):
Event: 3.788 Thread 0x000000001bbbb800 Uncommon trap: reason=unstable_if action=reinterpret pc=0x00000000037a2448 method=org.codehaus.plexus.classworlds.realm.Entry.matches(Ljava/lang/String;)Z @ 209
Event: 3.855 Thread 0x000000001bbbb800 Uncommon trap: reason=unstable_if action=reinterpret pc=0x00000000039b2334 method=org.apache.tomcat.util.bcel.classfile.ConstantUtf8.getCachedInstance(Ljava/lang/String;)Lorg/apache/tomcat/util/bcel/classfile/ConstantUtf8; @ 7
Event: 3.920 Thread 0x000000001bbbb800 Uncommon trap: reason=unloaded action=reinterpret pc=0x00000000039e079c method=org.apache.tomcat.util.bcel.classfile.Constant.readConstant(Ljava/io/DataInputStream;)Lorg/apache/tomcat/util/bcel/classfile/Constant; @ 187
Event: 3.995 Thread 0x000000001bbbb800 Uncommon trap: reason=unstable_if action=reinterpret pc=0x0000000003a1db90 method=org.apache.tomcat.util.bcel.classfile.ConstantUtf8$1.removeEldestEntry(Ljava/util/Map$Entry;)Z @ 7
Event: 3.995 Thread 0x000000001bbbb800 Uncommon trap: reason=unstable_if action=reinterpret pc=0x0000000003a21a54 method=org.apache.tomcat.util.bcel.classfile.ConstantUtf8$1.removeEldestEntry(Ljava/util/Map$Entry;)Z @ 7
Event: 4.134 Thread 0x000000001bbbb800 Uncommon trap: reason=unstable_if action=reinterpret pc=0x0000000003a85b28 method=java.util.HashMap.removeNode(ILjava/lang/Object;Ljava/lang/Object;ZZ)Ljava/util/HashMap$Node; @ 71
Event: 4.166 Thread 0x000000001bbbb800 Uncommon trap: reason=unstable_if action=reinterpret pc=0x00000000037c2ee8 method=java.util.HashMap.removeNode(ILjava/lang/Object;Ljava/lang/Object;ZZ)Ljava/util/HashMap$Node; @ 71
Event: 4.236 Thread 0x000000001bbbb800 Uncommon trap: reason=unstable_if action=reinterpret pc=0x0000000003a8b388 method=org.apache.catalina.startup.ContextConfig.getSCIsForClass(Ljava/lang/String;)Ljava/util/Set; @ 62
Event: 4.269 Thread 0x000000001bbbb800 Uncommon trap: reason=unstable_if action=reinterpret pc=0x0000000002e0853c method=java.util.LinkedHashMap.afterNodeAccess(Ljava/util/HashMap$Node;)V @ 41
Event: 4.348 Thread 0x000000001bbbb800 Uncommon trap: reason=unstable_if action=reinterpret pc=0x0000000003a93a48 method=org.apache.tomcat.util.bcel.classfile.Attribute.readAttribute(Ljava/io/DataInputStream;Lorg/apache/tomcat/util/bcel/classfile/ConstantPool;)Lorg/apache/tomcat/util/bcel/clas

Classes redefined (0 events):
No events

Internal exceptions (10 events):
Event: 1.106 Thread 0x00000000029fe800 Implicit null exception at 0x0000000003117a8b to 0x0000000003118d25
Event: 1.123 Thread 0x00000000029fe800 Implicit null exception at 0x000000000302a4db to 0x000000000302a955
Event: 1.919 Thread 0x00000000029fe800 Implicit null exception at 0x000000000348f58f to 0x000000000349089d
Event: 1.920 Thread 0x00000000029fe800 Implicit null exception at 0x00000000034e3cad to 0x00000000034e4e15
Event: 2.875 Thread 0x00000000029fe800 Exception <a 'java/io/FileNotFoundException'> (0x00000000d74c1610) thrown at [C:\re\workspace\8-2-build-windows-amd64-cygwin\jdk8u191\11896\hotspot\src\share\vm\prims\jni.cpp, line 709]
Event: 3.504 Thread 0x000000001bbbb800 Implicit null exception at 0x00000000033a020b to 0x00000000033a02d1
Event: 3.547 Thread 0x000000001bbbb800 Implicit null exception at 0x0000000002f40e96 to 0x0000000002f41231
Event: 3.547 Thread 0x000000001bbbb800 Implicit null exception at 0x0000000002d1af96 to 0x0000000002d1b32d
Event: 3.639 Thread 0x000000001bbbb800 Implicit null exception at 0x000000000348033c to 0x0000000003480845
Event: 4.269 Thread 0x000000001bbbb800 Implicit null exception at 0x0000000002e07a83 to 0x0000000002e08511

Events (10 events):
Event: 4.237 loading class org/springframework/web/context/AbstractContextLoaderInitializer
Event: 4.237 loading class org/springframework/web/context/AbstractContextLoaderInitializer done
Event: 4.269 Thread 0x000000001bbbb800 Uncommon trap: trap_request=0xffffff65 fr.pc=0x0000000002e0853c
Event: 4.269 Thread 0x000000001bbbb800 DEOPT PACKING pc=0x0000000002e0853c sp=0x000000001fece450
Event: 4.269 Thread 0x000000001bbbb800 DEOPT UNPACKING pc=0x0000000002b4583b sp=0x000000001fece370 mode 2
Event: 4.348 Thread 0x000000001bbbb800 Uncommon trap: trap_request=0xffffff65 fr.pc=0x0000000003a93a48
Event: 4.348 Thread 0x000000001bbbb800 DEOPT PACKING pc=0x0000000003a93a48 sp=0x000000001fece450
Event: 4.348 Thread 0x000000001bbbb800 DEOPT UNPACKING pc=0x0000000002b4583b sp=0x000000001fece450 mode 2
Event: 4.494 Executing VM operation: BulkRevokeBias
Event: 4.494 Executing VM operation: BulkRevokeBias done


Dynamic libraries:
0x00007ff62b810000 - 0x00007ff62b847000 	D:\Program Files\JDK\bin\javaw.exe
0x00007fff6f0a0000 - 0x00007fff6f290000 	C:\WINDOWS\SYSTEM32\ntdll.dll
0x00007fff6dc50000 - 0x00007fff6dd02000 	C:\WINDOWS\System32\KERNEL32.DLL
0x00007fff6c3e0000 - 0x00007fff6c683000 	C:\WINDOWS\System32\KERNELBASE.dll
0x00007fff6eee0000 - 0x00007fff6ef83000 	C:\WINDOWS\System32\ADVAPI32.dll
0x00007fff6e5b0000 - 0x00007fff6e64e000 	C:\WINDOWS\System32\msvcrt.dll
0x00007fff6d240000 - 0x00007fff6d2d7000 	C:\WINDOWS\System32\sechost.dll
0x00007fff6e780000 - 0x00007fff6e8a0000 	C:\WINDOWS\System32\RPCRT4.dll
0x00007fff6d9f0000 - 0x00007fff6db84000 	C:\WINDOWS\System32\USER32.dll
0x00007fff6c230000 - 0x00007fff6c251000 	C:\WINDOWS\System32\win32u.dll
0x00007fff6e8a0000 - 0x00007fff6e8c6000 	C:\WINDOWS\System32\GDI32.dll
0x00007fff6c830000 - 0x00007fff6c9c4000 	C:\WINDOWS\System32\gdi32full.dll
0x00007fff6c340000 - 0x00007fff6c3de000 	C:\WINDOWS\System32\msvcp_win.dll
0x00007fff6c130000 - 0x00007fff6c22a000 	C:\WINDOWS\System32\ucrtbase.dll
0x00007fff57530000 - 0x00007fff577b5000 	C:\WINDOWS\WinSxS\amd64_microsoft.windows.common-controls_6595b64144ccf1df_6.0.18362.592_none_e6c0b1911312be02\COMCTL32.dll
0x00007fff6eb60000 - 0x00007fff6ee96000 	C:\WINDOWS\System32\combase.dll
0x00007fff6c260000 - 0x00007fff6c2e0000 	C:\WINDOWS\System32\bcryptPrimitives.dll
0x00007fff6eea0000 - 0x00007fff6eece000 	C:\WINDOWS\System32\IMM32.DLL
0x0000000050030000 - 0x0000000050102000 	D:\Program Files\JDK\jre\bin\msvcr100.dll
0x0000000050350000 - 0x0000000050bf4000 	D:\Program Files\JDK\jre\bin\server\jvm.dll
0x00007fff6df30000 - 0x00007fff6df38000 	C:\WINDOWS\System32\PSAPI.DLL
0x00007fff60160000 - 0x00007fff60169000 	C:\WINDOWS\SYSTEM32\WSOCK32.dll
0x00007fff61ec0000 - 0x00007fff61ee4000 	C:\WINDOWS\SYSTEM32\WINMM.dll
0x00007fff644f0000 - 0x00007fff644fa000 	C:\WINDOWS\SYSTEM32\VERSION.dll
0x00007fff6dec0000 - 0x00007fff6df2f000 	C:\WINDOWS\System32\WS2_32.dll
0x00007fff61e90000 - 0x00007fff61ebd000 	C:\WINDOWS\SYSTEM32\WINMMBASE.dll
0x00007fff6c030000 - 0x00007fff6c07a000 	C:\WINDOWS\System32\cfgmgr32.dll
0x0000000050260000 - 0x000000005026f000 	D:\Program Files\JDK\jre\bin\verify.dll
0x0000000050230000 - 0x0000000050259000 	D:\Program Files\JDK\jre\bin\java.dll
0x00000000501e0000 - 0x00000000501f6000 	D:\Program Files\JDK\jre\bin\zip.dll
0x00007fff6d300000 - 0x00007fff6d9e5000 	C:\WINDOWS\System32\SHELL32.dll
0x00007fff6e080000 - 0x00007fff6e129000 	C:\WINDOWS\System32\shcore.dll
0x00007fff6c9d0000 - 0x00007fff6d14f000 	C:\WINDOWS\System32\windows.storage.dll
0x00007fff6bf80000 - 0x00007fff6bf9f000 	C:\WINDOWS\System32\profapi.dll
0x00007fff6bfa0000 - 0x00007fff6bfea000 	C:\WINDOWS\System32\powrprof.dll
0x00007fff6bf70000 - 0x00007fff6bf80000 	C:\WINDOWS\System32\UMPDC.dll
0x00007fff6db90000 - 0x00007fff6dbe2000 	C:\WINDOWS\System32\shlwapi.dll
0x00007fff6bff0000 - 0x00007fff6c001000 	C:\WINDOWS\System32\kernel.appcore.dll
0x00007fff6c810000 - 0x00007fff6c827000 	C:\WINDOWS\System32\cryptsp.dll
0x00007fff67bc0000 - 0x00007fff67bca000 	D:\Program Files\apache-maven-3.5.0\lib\jansi-native\windows64\jansi.dll
0x00000000501c0000 - 0x00000000501da000 	D:\Program Files\JDK\jre\bin\net.dll
0x00007fff61ef0000 - 0x00007fff61fe6000 	C:\Windows\Netease\UU\uu_lsp64.dll
0x00007fff6c690000 - 0x00007fff6c7d9000 	C:\WINDOWS\System32\CRYPT32.dll
0x00007fff6c010000 - 0x00007fff6c022000 	C:\WINDOWS\System32\MSASN1.dll
0x00007fff6b4f0000 - 0x00007fff6b52a000 	C:\WINDOWS\SYSTEM32\IPHLPAPI.DLL
0x00007fff6b7e0000 - 0x00007fff6b847000 	C:\WINDOWS\system32\mswsock.dll
0x00007fff6c2e0000 - 0x00007fff6c33c000 	C:\WINDOWS\System32\WINTRUST.DLL
0x00007fff6d2e0000 - 0x00007fff6d2fd000 	C:\WINDOWS\System32\imagehlp.dll
0x00007fff6b350000 - 0x00007fff6b383000 	C:\WINDOWS\system32\rsaenh.dll
0x00007fff6c7e0000 - 0x00007fff6c806000 	C:\WINDOWS\System32\bcrypt.dll
0x00007fff6b9b0000 - 0x00007fff6b9bc000 	C:\WINDOWS\SYSTEM32\CRYPTBASE.dll
0x00007fff614c0000 - 0x00007fff614ca000 	C:\WINDOWS\system32\wshqos.dll
0x00007fff614b0000 - 0x00007fff614b8000 	C:\WINDOWS\SYSTEM32\wshtcpip.DLL
0x00007fff614a0000 - 0x00007fff614a8000 	C:\WINDOWS\SYSTEM32\wship6.dll
0x00000000501a0000 - 0x00000000501b1000 	D:\Program Files\JDK\jre\bin\nio.dll
0x00007fff6be90000 - 0x00007fff6beb5000 	C:\WINDOWS\SYSTEM32\USERENV.dll
0x00007fff6eed0000 - 0x00007fff6eed8000 	C:\WINDOWS\System32\NSI.dll
0x00007fff650f0000 - 0x00007fff65106000 	C:\WINDOWS\SYSTEM32\dhcpcsvc6.DLL
0x00007fff650d0000 - 0x00007fff650ec000 	C:\WINDOWS\SYSTEM32\dhcpcsvc.DLL
0x00007fff6b530000 - 0x00007fff6b5fa000 	C:\WINDOWS\SYSTEM32\DNSAPI.dll
0x0000000050110000 - 0x000000005011d000 	D:\Program Files\JDK\jre\bin\management.dll

VM Arguments:
jvm_args: -Dmaven.home=D:\Program Files\apache-maven-3.5.0 -Dclassworlds.conf=D:\eclipse-pinyougou\.metadata\.plugins\org.eclipse.m2e.launching\launches\m2conf3629927367144158660.tmp -Dmaven.multiModuleProjectDirectory=D:\Program Files\Sourcetree\pinyougou\pinyougou-manager-web -Dfile.encoding=GBK 
java_command: org.codehaus.plexus.classworlds.launcher.Launcher -B -s D:\Program Files\maven-repository-allen\settings.xml tomcat7:run
java_class_path (initial): D:\Program Files\apache-maven-3.5.0\boot\plexus-classworlds-2.5.2.jar
Launcher Type: SUN_STANDARD

Environment Variables:
JAVA_HOME=D:\Program Files\JDK
CLASSPATH=.;D:\Program Files\JDK\lib;D:\Program Files\JDK\lib\dt.jar;D:\Program Files\JDK\lib\tools.jar
PATH=D:/Program Files/JDK/bin/../jre/bin/server;D:/Program Files/JDK/bin/../jre/bin;D:/Program Files/JDK/bin/../jre/lib/amd64;C:\Python27\;C:\Python27\Scripts;D:\app\Allen\product\11.2.0\dbhome_1\bin;C:\Program Files (x86)\Intel\Intel(R) Management Engine Components\iCLS\;C:\Program Files\Intel\Intel(R) Management Engine Components\iCLS\;C:\Windows\system32;C:\Windows;C:\Windows\System32\Wbem;C:\Windows\System32\WindowsPowerShell\v1.0\;C:\Windows\System32\OpenSSH\;C:\Program Files (x86)\Intel\Intel(R) Management Engine Components\DAL;C:\Program Files\Intel\Intel(R) Management Engine Components\DAL;C:\Program Files (x86)\Intel\Intel(R) Management Engine Components\IPT;C:\Program Files\Intel\Intel(R) Management Engine Components\IPT;C:\Program Files (x86)\NVIDIA Corporation\PhysX\Common;C:\Program Files\Intel\WiFi\bin\;C:\Program Files\Common Files\Intel\WirelessCommon\;D:\Program Files\JDK\bin;D:\Program Files\JDK\jre\bin;D:\Program Files\MySQL\bin;D:\Program Files\MySQL\bin;D:\Program Files\Tomcat\bin;C:\WINDOWS\system32;C:\WINDOWS;C:\WINDOWS\System32\Wbem;C:\WINDOWS\System32\WindowsPowerShell\v1.0\;C:\WINDOWS\System32\OpenSSH\;D:\Program Files\zookeeper\zookeeper-3.5.4-beta\bin;C:\Program Files\NVIDIA Corporation\NVIDIA NvDLISR;D:\Program Files\nodejs\;C:\ProgramData\chocolatey\bin;D:\Program Files\apache-maven-3.5.0\bin;C:\Users\Allen\AppData\Local\Microsoft\WindowsApps;D:\Program Files\nodejs\node_global;;D:\Program Files\eclipse-committers-2019-12-R-win32-x86_64\eclipse;
USERNAME=Allen
OS=Windows_NT
PROCESSOR_IDENTIFIER=Intel64 Family 6 Model 142 Stepping 10, GenuineIntel



---------------  S Y S T E M  ---------------

OS: Windows 10.0 , 64 bit Build 18362 (10.0.18362.329)

CPU:total 8 (initial active 8) (4 cores per cpu, 2 threads per core) family 6 model 142 stepping 10, cmov, cx8, fxsr, mmx, sse, sse2, sse3, ssse3, sse4.1, sse4.2, popcnt, avx, avx2, aes, clmul, erms, 3dnowpref, lzcnt, ht, tsc, tscinvbit, bmi1, bmi2, adx

Memory: 4k page, physical 8268520k(378656k free), swap 18754276k(4308k free)

vm_info: Java HotSpot(TM) 64-Bit Server VM (25.191-b12) for windows-amd64 JRE (1.8.0_191-b12), built on Oct  6 2018 09:29:03 by "java_re" with MS VC++ 10.0 (VS2010)

time: Sat Feb 01 20:00:02 2020
elapsed time: 4 seconds (0d 0h 0m 4s)

