2020-01-20 17:14:31,004 [INFO ][localhost-startStop-1] method:org.springframework.web.context.ContextLoader.initWebApplicationContext(ContextLoader.java:304)
 Root WebApplicationContext: initialization started
2020-01-20 17:14:31,043 [INFO ][localhost-startStop-1] method:org.springframework.context.support.AbstractApplicationContext.prepareRefresh(AbstractApplicationContext.java:583)
 Refreshing Root WebApplicationContext: startup date [Mon Jan 20 17:14:31 CST 2020]; root of context hierarchy
2020-01-20 17:14:31,067 [INFO ][localhost-startStop-1] method:org.springframework.beans.factory.xml.XmlBeanDefinitionReader.loadBeanDefinitions(XmlBeanDefinitionReader.java:317)
 Loading XML bean definitions from class path resource [spring/spring-security.xml]
2020-01-20 17:14:31,337 [INFO ][localhost-startStop-1] method:org.springframework.security.core.SpringSecurityCoreVersion.performVersionChecks(SpringSecurityCoreVersion.java:74)
 You are running with Spring Security Core 4.1.0.RELEASE
2020-01-20 17:14:31,340 [INFO ][localhost-startStop-1] method:org.springframework.security.config.SecurityNamespaceHandler.<init>(SecurityNamespaceHandler.java:78)
 Spring Security 'config' module version is 4.1.0.RELEASE
2020-01-20 17:14:31,381 [INFO ][localhost-startStop-1] method:org.springframework.security.config.http.HttpSecurityBeanDefinitionParser.checkFilterChainOrder(HttpSecurityBeanDefinitionParser.java:306)
 Checking sorted filter chain: [Root bean: class [org.springframework.security.web.context.SecurityContextPersistenceFilter]; scope=; abstract=false; lazyInit=false; autowireMode=0; dependencyCheck=0; autowireCandidate=true; primary=false; factoryBeanName=null; factoryMethodName=null; initMethodName=null; destroyMethodName=null, order = 200, Root bean: class [org.springframework.security.web.context.request.async.WebAsyncManagerIntegrationFilter]; scope=; abstract=false; lazyInit=false; autowireMode=0; dependencyCheck=0; autowireCandidate=true; primary=false; factoryBeanName=null; factoryMethodName=null; initMethodName=null; destroyMethodName=null, order = 400, Root bean: class [org.springframework.security.web.header.HeaderWriterFilter]; scope=; abstract=false; lazyInit=false; autowireMode=0; dependencyCheck=0; autowireCandidate=true; primary=false; factoryBeanName=null; factoryMethodName=null; initMethodName=null; destroyMethodName=null, order = 500, <requestSingleLogoutFilter>, order = 699, <singleLogoutFilter>, order = 999, <casAuthenticationFilter>, order = 1000, Root bean: class [org.springframework.security.web.savedrequest.RequestCacheAwareFilter]; scope=; abstract=false; lazyInit=false; autowireMode=0; dependencyCheck=0; autowireCandidate=true; primary=false; factoryBeanName=null; factoryMethodName=null; initMethodName=null; destroyMethodName=null, order = 1600, Root bean: class [org.springframework.security.web.servletapi.SecurityContextHolderAwareRequestFilter]; scope=; abstract=false; lazyInit=false; autowireMode=0; dependencyCheck=0; autowireCandidate=true; primary=false; factoryBeanName=null; factoryMethodName=null; initMethodName=null; destroyMethodName=null, order = 1700, Root bean: class [org.springframework.security.web.authentication.AnonymousAuthenticationFilter]; scope=; abstract=false; lazyInit=false; autowireMode=0; dependencyCheck=0; autowireCandidate=true; primary=false; factoryBeanName=null; factoryMethodName=null; initMethodName=null; destroyMethodName=null, order = 2000, Root bean: class [org.springframework.security.web.session.SessionManagementFilter]; scope=; abstract=false; lazyInit=false; autowireMode=0; dependencyCheck=0; autowireCandidate=true; primary=false; factoryBeanName=null; factoryMethodName=null; initMethodName=null; destroyMethodName=null, order = 2100, Root bean: class [org.springframework.security.web.access.ExceptionTranslationFilter]; scope=; abstract=false; lazyInit=false; autowireMode=0; dependencyCheck=0; autowireCandidate=true; primary=false; factoryBeanName=null; factoryMethodName=null; initMethodName=null; destroyMethodName=null, order = 2200, <org.springframework.security.web.access.intercept.FilterSecurityInterceptor#0>, order = 2300]
2020-01-20 17:14:31,470 [INFO ][localhost-startStop-1] method:org.springframework.security.web.DefaultSecurityFilterChain.<init>(DefaultSecurityFilterChain.java:43)
 Creating filter chain: Ant [pattern='/css/**'], []
2020-01-20 17:14:31,471 [INFO ][localhost-startStop-1] method:org.springframework.security.web.DefaultSecurityFilterChain.<init>(DefaultSecurityFilterChain.java:43)
 Creating filter chain: Ant [pattern='/img/**'], []
2020-01-20 17:14:31,472 [INFO ][localhost-startStop-1] method:org.springframework.security.web.DefaultSecurityFilterChain.<init>(DefaultSecurityFilterChain.java:43)
 Creating filter chain: Ant [pattern='/js/**'], []
2020-01-20 17:14:31,473 [INFO ][localhost-startStop-1] method:org.springframework.security.web.DefaultSecurityFilterChain.<init>(DefaultSecurityFilterChain.java:43)
 Creating filter chain: Ant [pattern='/plugins/**'], []
2020-01-20 17:14:31,474 [INFO ][localhost-startStop-1] method:org.springframework.security.web.DefaultSecurityFilterChain.<init>(DefaultSecurityFilterChain.java:43)
 Creating filter chain: Ant [pattern='/cart.html'], []
2020-01-20 17:14:31,625 [INFO ][localhost-startStop-1] method:org.springframework.security.web.DefaultSecurityFilterChain.<init>(DefaultSecurityFilterChain.java:43)
 Creating filter chain: org.springframework.security.web.util.matcher.AnyRequestMatcher@1, [org.springframework.security.web.context.SecurityContextPersistenceFilter@32a8592, org.springframework.security.web.context.request.async.WebAsyncManagerIntegrationFilter@7c2f4e1d, org.springframework.security.web.header.HeaderWriterFilter@122c4caa, org.springframework.security.web.authentication.logout.LogoutFilter@5793a8ae, org.jasig.cas.client.session.SingleSignOutFilter@c2a1db, org.springframework.security.cas.web.CasAuthenticationFilter@61b4878, org.springframework.security.web.savedrequest.RequestCacheAwareFilter@76221d0d, org.springframework.security.web.servletapi.SecurityContextHolderAwareRequestFilter@3cbe1dbf, org.springframework.security.web.authentication.AnonymousAuthenticationFilter@29e7af8a, org.springframework.security.web.session.SessionManagementFilter@75636a46, org.springframework.security.web.access.ExceptionTranslationFilter@13cfdb92, org.springframework.security.web.access.intercept.FilterSecurityInterceptor@5f506fb1]
2020-01-20 17:14:31,654 [INFO ][localhost-startStop-1] method:org.springframework.web.context.ContextLoader.initWebApplicationContext(ContextLoader.java:344)
 Root WebApplicationContext: initialization completed in 645 ms
