2020-02-01 18:43:17,925 [INFO ][localhost-startStop-1] method:org.springframework.web.context.ContextLoader.initWebApplicationContext(ContextLoader.java:304)
 Root WebApplicationContext: initialization started
2020-02-01 18:43:17,960 [INFO ][localhost-startStop-1] method:org.springframework.context.support.AbstractApplicationContext.prepareRefresh(AbstractApplicationContext.java:583)
 Refreshing Root WebApplicationContext: startup date [Sat Feb 01 18:43:17 CST 2020]; root of context hierarchy
2020-02-01 18:43:17,983 [INFO ][localhost-startStop-1] method:org.springframework.beans.factory.xml.XmlBeanDefinitionReader.loadBeanDefinitions(XmlBeanDefinitionReader.java:317)
 Loading XML bean definitions from class path resource [spring/spring-security.xml]
2020-02-01 18:43:18,290 [INFO ][localhost-startStop-1] method:org.springframework.security.core.SpringSecurityCoreVersion.performVersionChecks(SpringSecurityCoreVersion.java:74)
 You are running with Spring Security Core 4.1.0.RELEASE
2020-02-01 18:43:18,292 [INFO ][localhost-startStop-1] method:org.springframework.security.config.SecurityNamespaceHandler.<init>(SecurityNamespaceHandler.java:78)
 Spring Security 'config' module version is 4.1.0.RELEASE
2020-02-01 18:43:18,329 [INFO ][localhost-startStop-1] method:org.springframework.security.config.http.HttpSecurityBeanDefinitionParser.checkFilterChainOrder(HttpSecurityBeanDefinitionParser.java:306)
 Checking sorted filter chain: [Root bean: class [org.springframework.security.web.context.SecurityContextPersistenceFilter]; scope=; abstract=false; lazyInit=false; autowireMode=0; dependencyCheck=0; autowireCandidate=true; primary=false; factoryBeanName=null; factoryMethodName=null; initMethodName=null; destroyMethodName=null, order = 200, Root bean: class [org.springframework.security.web.context.request.async.WebAsyncManagerIntegrationFilter]; scope=; abstract=false; lazyInit=false; autowireMode=0; dependencyCheck=0; autowireCandidate=true; primary=false; factoryBeanName=null; factoryMethodName=null; initMethodName=null; destroyMethodName=null, order = 400, Root bean: class [org.springframework.security.web.header.HeaderWriterFilter]; scope=; abstract=false; lazyInit=false; autowireMode=0; dependencyCheck=0; autowireCandidate=true; primary=false; factoryBeanName=null; factoryMethodName=null; initMethodName=null; destroyMethodName=null, order = 500, <requestSingleLogoutFilter>, order = 699, <singleLogoutFilter>, order = 999, <casAuthenticationFilter>, order = 1000, Root bean: class [org.springframework.security.web.savedrequest.RequestCacheAwareFilter]; scope=; abstract=false; lazyInit=false; autowireMode=0; dependencyCheck=0; autowireCandidate=true; primary=false; factoryBeanName=null; factoryMethodName=null; initMethodName=null; destroyMethodName=null, order = 1600, Root bean: class [org.springframework.security.web.servletapi.SecurityContextHolderAwareRequestFilter]; scope=; abstract=false; lazyInit=false; autowireMode=0; dependencyCheck=0; autowireCandidate=true; primary=false; factoryBeanName=null; factoryMethodName=null; initMethodName=null; destroyMethodName=null, order = 1700, Root bean: class [org.springframework.security.web.authentication.AnonymousAuthenticationFilter]; scope=; abstract=false; lazyInit=false; autowireMode=0; dependencyCheck=0; autowireCandidate=true; primary=false; factoryBeanName=null; factoryMethodName=null; initMethodName=null; destroyMethodName=null, order = 2000, Root bean: class [org.springframework.security.web.session.SessionManagementFilter]; scope=; abstract=false; lazyInit=false; autowireMode=0; dependencyCheck=0; autowireCandidate=true; primary=false; factoryBeanName=null; factoryMethodName=null; initMethodName=null; destroyMethodName=null, order = 2100, Root bean: class [org.springframework.security.web.access.ExceptionTranslationFilter]; scope=; abstract=false; lazyInit=false; autowireMode=0; dependencyCheck=0; autowireCandidate=true; primary=false; factoryBeanName=null; factoryMethodName=null; initMethodName=null; destroyMethodName=null, order = 2200, <org.springframework.security.web.access.intercept.FilterSecurityInterceptor#0>, order = 2300]
2020-02-01 18:43:18,402 [INFO ][localhost-startStop-1] method:org.springframework.security.web.DefaultSecurityFilterChain.<init>(DefaultSecurityFilterChain.java:43)
 Creating filter chain: Ant [pattern='/css/**'], []
2020-02-01 18:43:18,404 [INFO ][localhost-startStop-1] method:org.springframework.security.web.DefaultSecurityFilterChain.<init>(DefaultSecurityFilterChain.java:43)
 Creating filter chain: Ant [pattern='/img/**'], []
2020-02-01 18:43:18,405 [INFO ][localhost-startStop-1] method:org.springframework.security.web.DefaultSecurityFilterChain.<init>(DefaultSecurityFilterChain.java:43)
 Creating filter chain: Ant [pattern='/js/**'], []
2020-02-01 18:43:18,406 [INFO ][localhost-startStop-1] method:org.springframework.security.web.DefaultSecurityFilterChain.<init>(DefaultSecurityFilterChain.java:43)
 Creating filter chain: Ant [pattern='/plugins/**'], []
2020-02-01 18:43:18,407 [INFO ][localhost-startStop-1] method:org.springframework.security.web.DefaultSecurityFilterChain.<init>(DefaultSecurityFilterChain.java:43)
 Creating filter chain: Ant [pattern='/cart.html'], []
2020-02-01 18:43:18,543 [INFO ][localhost-startStop-1] method:org.springframework.security.web.DefaultSecurityFilterChain.<init>(DefaultSecurityFilterChain.java:43)
 Creating filter chain: org.springframework.security.web.util.matcher.AnyRequestMatcher@1, [org.springframework.security.web.context.SecurityContextPersistenceFilter@4289e183, org.springframework.security.web.context.request.async.WebAsyncManagerIntegrationFilter@68b6d07, org.springframework.security.web.header.HeaderWriterFilter@12f54b76, org.springframework.security.web.authentication.logout.LogoutFilter@686e8ef2, org.jasig.cas.client.session.SingleSignOutFilter@65e6ff85, org.springframework.security.cas.web.CasAuthenticationFilter@38d8456b, org.springframework.security.web.savedrequest.RequestCacheAwareFilter@ce07fd, org.springframework.security.web.servletapi.SecurityContextHolderAwareRequestFilter@1ccb0008, org.springframework.security.web.authentication.AnonymousAuthenticationFilter@4e83cec3, org.springframework.security.web.session.SessionManagementFilter@340a2965, org.springframework.security.web.access.ExceptionTranslationFilter@448b31f6, org.springframework.security.web.access.intercept.FilterSecurityInterceptor@4b22f]
2020-02-01 18:43:18,572 [INFO ][localhost-startStop-1] method:org.springframework.web.context.ContextLoader.initWebApplicationContext(ContextLoader.java:344)
 Root WebApplicationContext: initialization completed in 644 ms
2020-02-01 18:47:53,989 [INFO ][localhost-startStop-1] method:org.springframework.web.context.ContextLoader.initWebApplicationContext(ContextLoader.java:304)
 Root WebApplicationContext: initialization started
2020-02-01 18:47:54,026 [INFO ][localhost-startStop-1] method:org.springframework.context.support.AbstractApplicationContext.prepareRefresh(AbstractApplicationContext.java:583)
 Refreshing Root WebApplicationContext: startup date [Sat Feb 01 18:47:54 CST 2020]; root of context hierarchy
2020-02-01 18:47:54,056 [INFO ][localhost-startStop-1] method:org.springframework.beans.factory.xml.XmlBeanDefinitionReader.loadBeanDefinitions(XmlBeanDefinitionReader.java:317)
 Loading XML bean definitions from class path resource [spring/spring-security.xml]
2020-02-01 18:47:54,314 [INFO ][localhost-startStop-1] method:org.springframework.security.core.SpringSecurityCoreVersion.performVersionChecks(SpringSecurityCoreVersion.java:74)
 You are running with Spring Security Core 4.1.0.RELEASE
2020-02-01 18:47:54,316 [INFO ][localhost-startStop-1] method:org.springframework.security.config.SecurityNamespaceHandler.<init>(SecurityNamespaceHandler.java:78)
 Spring Security 'config' module version is 4.1.0.RELEASE
2020-02-01 18:47:54,359 [INFO ][localhost-startStop-1] method:org.springframework.security.config.http.HttpSecurityBeanDefinitionParser.checkFilterChainOrder(HttpSecurityBeanDefinitionParser.java:306)
 Checking sorted filter chain: [Root bean: class [org.springframework.security.web.context.SecurityContextPersistenceFilter]; scope=; abstract=false; lazyInit=false; autowireMode=0; dependencyCheck=0; autowireCandidate=true; primary=false; factoryBeanName=null; factoryMethodName=null; initMethodName=null; destroyMethodName=null, order = 200, Root bean: class [org.springframework.security.web.context.request.async.WebAsyncManagerIntegrationFilter]; scope=; abstract=false; lazyInit=false; autowireMode=0; dependencyCheck=0; autowireCandidate=true; primary=false; factoryBeanName=null; factoryMethodName=null; initMethodName=null; destroyMethodName=null, order = 400, Root bean: class [org.springframework.security.web.header.HeaderWriterFilter]; scope=; abstract=false; lazyInit=false; autowireMode=0; dependencyCheck=0; autowireCandidate=true; primary=false; factoryBeanName=null; factoryMethodName=null; initMethodName=null; destroyMethodName=null, order = 500, <requestSingleLogoutFilter>, order = 699, <singleLogoutFilter>, order = 999, <casAuthenticationFilter>, order = 1000, Root bean: class [org.springframework.security.web.savedrequest.RequestCacheAwareFilter]; scope=; abstract=false; lazyInit=false; autowireMode=0; dependencyCheck=0; autowireCandidate=true; primary=false; factoryBeanName=null; factoryMethodName=null; initMethodName=null; destroyMethodName=null, order = 1600, Root bean: class [org.springframework.security.web.servletapi.SecurityContextHolderAwareRequestFilter]; scope=; abstract=false; lazyInit=false; autowireMode=0; dependencyCheck=0; autowireCandidate=true; primary=false; factoryBeanName=null; factoryMethodName=null; initMethodName=null; destroyMethodName=null, order = 1700, Root bean: class [org.springframework.security.web.authentication.AnonymousAuthenticationFilter]; scope=; abstract=false; lazyInit=false; autowireMode=0; dependencyCheck=0; autowireCandidate=true; primary=false; factoryBeanName=null; factoryMethodName=null; initMethodName=null; destroyMethodName=null, order = 2000, Root bean: class [org.springframework.security.web.session.SessionManagementFilter]; scope=; abstract=false; lazyInit=false; autowireMode=0; dependencyCheck=0; autowireCandidate=true; primary=false; factoryBeanName=null; factoryMethodName=null; initMethodName=null; destroyMethodName=null, order = 2100, Root bean: class [org.springframework.security.web.access.ExceptionTranslationFilter]; scope=; abstract=false; lazyInit=false; autowireMode=0; dependencyCheck=0; autowireCandidate=true; primary=false; factoryBeanName=null; factoryMethodName=null; initMethodName=null; destroyMethodName=null, order = 2200, <org.springframework.security.web.access.intercept.FilterSecurityInterceptor#0>, order = 2300]
2020-02-01 18:47:54,435 [INFO ][localhost-startStop-1] method:org.springframework.security.web.DefaultSecurityFilterChain.<init>(DefaultSecurityFilterChain.java:43)
 Creating filter chain: Ant [pattern='/css/**'], []
2020-02-01 18:47:54,436 [INFO ][localhost-startStop-1] method:org.springframework.security.web.DefaultSecurityFilterChain.<init>(DefaultSecurityFilterChain.java:43)
 Creating filter chain: Ant [pattern='/img/**'], []
2020-02-01 18:47:54,437 [INFO ][localhost-startStop-1] method:org.springframework.security.web.DefaultSecurityFilterChain.<init>(DefaultSecurityFilterChain.java:43)
 Creating filter chain: Ant [pattern='/js/**'], []
2020-02-01 18:47:54,438 [INFO ][localhost-startStop-1] method:org.springframework.security.web.DefaultSecurityFilterChain.<init>(DefaultSecurityFilterChain.java:43)
 Creating filter chain: Ant [pattern='/plugins/**'], []
2020-02-01 18:47:54,439 [INFO ][localhost-startStop-1] method:org.springframework.security.web.DefaultSecurityFilterChain.<init>(DefaultSecurityFilterChain.java:43)
 Creating filter chain: Ant [pattern='/cart.html'], []
2020-02-01 18:47:54,577 [INFO ][localhost-startStop-1] method:org.springframework.security.web.DefaultSecurityFilterChain.<init>(DefaultSecurityFilterChain.java:43)
 Creating filter chain: org.springframework.security.web.util.matcher.AnyRequestMatcher@1, [org.springframework.security.web.context.SecurityContextPersistenceFilter@29b1f4a7, org.springframework.security.web.context.request.async.WebAsyncManagerIntegrationFilter@65456a09, org.springframework.security.web.header.HeaderWriterFilter@57937a45, org.springframework.security.web.authentication.logout.LogoutFilter@3da1c517, org.jasig.cas.client.session.SingleSignOutFilter@1b131ac8, org.springframework.security.cas.web.CasAuthenticationFilter@55483e81, org.springframework.security.web.savedrequest.RequestCacheAwareFilter@1945373f, org.springframework.security.web.servletapi.SecurityContextHolderAwareRequestFilter@2affd07d, org.springframework.security.web.authentication.AnonymousAuthenticationFilter@29395ab0, org.springframework.security.web.session.SessionManagementFilter@3d11c520, org.springframework.security.web.access.ExceptionTranslationFilter@d5df172, org.springframework.security.web.access.intercept.FilterSecurityInterceptor@5975a49c]
2020-02-01 18:47:54,604 [INFO ][localhost-startStop-1] method:org.springframework.web.context.ContextLoader.initWebApplicationContext(ContextLoader.java:344)
 Root WebApplicationContext: initialization completed in 613 ms
