#
# There is insufficient memory for the Java Runtime Environment to continue.
# Native memory allocation (malloc) failed to allocate 56016 bytes for Chunk::new
# Possible reasons:
#   The system is out of physical RAM or swap space
#   In 32 bit mode, the process size limit was hit
# Possible solutions:
#   Reduce memory load on the system
#   Increase physical memory or swap space
#   Check if swap backing store is full
#   Use 64 bit Java on a 64 bit OS
#   Decrease Java heap size (-Xmx/-Xms)
#   Decrease number of Java threads
#   Decrease Java thread stack sizes (-Xss)
#   Set larger code cache with -XX:ReservedCodeCacheSize=
# This output file may be truncated or incomplete.
#
#  Out of Memory Error (allocation.cpp:390), pid=19372, tid=0x0000000000001104
#
# JRE version: Java(TM) SE Runtime Environment (8.0_191-b12) (build 1.8.0_191-b12)
# Java VM: Java HotSpot(TM) 64-Bit Server VM (25.191-b12 mixed mode windows-amd64 compressed oops)
# Failed to write core dump. Minidumps are not enabled by default on client versions of Windows
#

---------------  T H R E A D  ---------------

Current thread (0x000000001a048000):  JavaThread "C2 CompilerThread0" daemon [_thread_in_native, id=4356, stack(0x000000001a870000,0x000000001a970000)]

Stack: [0x000000001a870000,0x000000001a970000]
[error occurred during error reporting (printing stack bounds), id 0xc0000005]

Native frames: (J=compiled Java code, j=interpreted, Vv=VM code, C=native code)


Current CompileTask:
C2:    801 1061       4       java.io.DataOutputStream::writeUTF (435 bytes)


---------------  P R O C E S S  ---------------

Java Threads: ( => current thread )
  0x000000001a138800 JavaThread "Service Thread" daemon [_thread_blocked, id=21260, stack(0x000000001ac70000,0x000000001ad70000)]
  0x000000001a0af800 JavaThread "C1 CompilerThread3" daemon [_thread_blocked, id=21432, stack(0x000000001ab70000,0x000000001ac70000)]
  0x000000001a0ac800 JavaThread "C2 CompilerThread2" daemon [_thread_blocked, id=9684, stack(0x000000001aa70000,0x000000001ab70000)]
  0x000000001a04c800 JavaThread "C2 CompilerThread1" daemon [_thread_blocked, id=23556, stack(0x000000001a970000,0x000000001aa70000)]
=>0x000000001a048000 JavaThread "C2 CompilerThread0" daemon [_thread_in_native, id=4356, stack(0x000000001a870000,0x000000001a970000)]
  0x000000001a0a3800 JavaThread "Attach Listener" daemon [_thread_blocked, id=3912, stack(0x000000001a770000,0x000000001a870000)]
  0x000000001a0a2000 JavaThread "Signal Dispatcher" daemon [_thread_blocked, id=20172, stack(0x000000001a670000,0x000000001a770000)]
  0x000000001a031800 JavaThread "Finalizer" daemon [_thread_blocked, id=20972, stack(0x000000001a510000,0x000000001a610000)]
  0x000000001a030800 JavaThread "Reference Handler" daemon [_thread_blocked, id=8224, stack(0x000000001a410000,0x000000001a510000)]
  0x00000000032ae800 JavaThread "main" [_thread_in_Java, id=5236, stack(0x0000000002d10000,0x0000000002e10000)]

Other Threads:
  0x0000000018229800 VMThread [stack: 0x0000000019f10000,0x000000001a010000] [id=15936]
  0x000000001a15a800 WatcherThread [stack: 0x000000001ad70000,0x000000001ae70000] [id=24156]

VM state:not at safepoint (normal execution)

VM Mutex/Monitor currently owned by a thread: None

Heap:
 PSYoungGen      total 38400K, used 34314K [0x00000000d5f00000, 0x00000000d8980000, 0x0000000100000000)
  eden space 33280K, 87% used [0x00000000d5f00000,0x00000000d7b8a538,0x00000000d7f80000)
  from space 5120K, 99% used [0x00000000d7f80000,0x00000000d8478638,0x00000000d8480000)
  to   space 5120K, 0% used [0x00000000d8480000,0x00000000d8480000,0x00000000d8980000)
 ParOldGen       total 87552K, used 587K [0x0000000081c00000, 0x0000000087180000, 0x00000000d5f00000)
  object space 87552K, 0% used [0x0000000081c00000,0x0000000081c92cb8,0x0000000087180000)
 Metaspace       used 11844K, capacity 12052K, committed 12416K, reserved 1060864K
  class space    used 1481K, capacity 1544K, committed 1664K, reserved 1048576K

Card table byte_map: [0x0000000012670000,0x0000000012a70000] byte_map_base: 0x0000000012262000

Marking Bits: (ParMarkBitMap*) 0x0000000058f83e30
 Begin Bits: [0x0000000013520000, 0x00000000154b0000)
 End Bits:   [0x00000000154b0000, 0x0000000017440000)

Polling page: 0x0000000000bf0000

CodeCache: size=245760Kb used=4195Kb max_used=4206Kb free=241564Kb
 bounds [0x00000000032b0000, 0x00000000036d0000, 0x00000000122b0000]
 total_blobs=1387 nmethods=1068 adapters=231
 compilation: enabled

Compilation events (10 events):
Event: 0.794 Thread 0x000000001a048000 1061       4       java.io.DataOutputStream::writeUTF (435 bytes)
Event: 0.795 Thread 0x000000001a0af800 1062       1       java.lang.reflect.Field::getName (5 bytes)
Event: 0.795 Thread 0x000000001a0af800 nmethod 1062 0x00000000036cc190 code [0x00000000036cc2e0, 0x00000000036cc3f0]
Event: 0.795 Thread 0x000000001a0af800 1063       3       java.lang.Boolean::valueOf (14 bytes)
Event: 0.795 Thread 0x000000001a0af800 nmethod 1063 0x00000000036cbe50 code [0x00000000036cbfa0, 0x00000000036cc130]
Event: 0.795 Thread 0x000000001a0af800 1064       3       com.google.inject.internal.Errors::withSource (29 bytes)
Event: 0.795 Thread 0x000000001a0af800 nmethod 1064 0x00000000036cb890 code [0x00000000036cba00, 0x00000000036cbd50]
Event: 0.800 Thread 0x000000001a0af800 1065       3       java.lang.String::toString (2 bytes)
Event: 0.800 Thread 0x000000001a0af800 nmethod 1065 0x00000000036cb590 code [0x00000000036cb6e0, 0x00000000036cb830]
Event: 0.801 Thread 0x000000001a0af800 1066       3       com.google.inject.internal.AbstractProcessor::visitOther (6 bytes)

GC Heap History (2 events):
Event: 0.547 GC heap before
{Heap before GC invocations=1 (full 0):
 PSYoungGen      total 38400K, used 33280K [0x00000000d5f00000, 0x00000000d8980000, 0x0000000100000000)
  eden space 33280K, 100% used [0x00000000d5f00000,0x00000000d7f80000,0x00000000d7f80000)
  from space 5120K, 0% used [0x00000000d8480000,0x00000000d8480000,0x00000000d8980000)
  to   space 5120K, 0% used [0x00000000d7f80000,0x00000000d7f80000,0x00000000d8480000)
 ParOldGen       total 87552K, used 0K [0x0000000081c00000, 0x0000000087180000, 0x00000000d5f00000)
  object space 87552K, 0% used [0x0000000081c00000,0x0000000081c00000,0x0000000087180000)
 Metaspace       used 8334K, capacity 8552K, committed 8832K, reserved 1056768K
  class space    used 1026K, capacity 1084K, committed 1152K, reserved 1048576K
Event: 0.551 GC heap after
Heap after GC invocations=1 (full 0):
 PSYoungGen      total 38400K, used 5089K [0x00000000d5f00000, 0x00000000d8980000, 0x0000000100000000)
  eden space 33280K, 0% used [0x00000000d5f00000,0x00000000d5f00000,0x00000000d7f80000)
  from space 5120K, 99% used [0x00000000d7f80000,0x00000000d8478638,0x00000000d8480000)
  to   space 5120K, 0% used [0x00000000d8480000,0x00000000d8480000,0x00000000d8980000)
 ParOldGen       total 87552K, used 587K [0x0000000081c00000, 0x0000000087180000, 0x00000000d5f00000)
  object space 87552K, 0% used [0x0000000081c00000,0x0000000081c92cb8,0x0000000087180000)
 Metaspace       used 8334K, capacity 8552K, committed 8832K, reserved 1056768K
  class space    used 1026K, capacity 1084K, committed 1152K, reserved 1048576K
}

Deoptimization events (8 events):
Event: 0.316 Thread 0x00000000032ae800 Uncommon trap: reason=unstable_if action=reinterpret pc=0x00000000034669bc method=java.lang.String.indexOf([CII[CIII)I @ 3
Event: 0.445 Thread 0x00000000032ae800 Uncommon trap: reason=unstable_if action=reinterpret pc=0x000000000355bc64 method=java.nio.charset.CoderResult.isOverflow()Z @ 5
Event: 0.448 Thread 0x00000000032ae800 Uncommon trap: reason=unstable_if action=reinterpret pc=0x0000000003564a40 method=sun.nio.cs.StreamDecoder.implRead([CII)I @ 71
Event: 0.506 Thread 0x00000000032ae800 Uncommon trap: reason=unstable_if action=reinterpret pc=0x0000000003588a14 method=org.codehaus.plexus.util.xml.pull.MXParser.nextImpl()I @ 1046
Event: 0.511 Thread 0x00000000032ae800 Uncommon trap: reason=range_check action=make_not_entrant pc=0x0000000003516620 method=sun.reflect.generics.parser.SignatureParser.current()C @ 34
Event: 0.556 Thread 0x00000000032ae800 Uncommon trap: reason=unstable_if action=reinterpret pc=0x00000000035194bc method=java.util.HashMap.getNode(ILjava/lang/Object;)Ljava/util/HashMap$Node; @ 129
Event: 0.593 Thread 0x00000000032ae800 Uncommon trap: reason=unstable_if action=reinterpret pc=0x00000000035a69c0 method=java.util.HashMap.getNode(ILjava/lang/Object;)Ljava/util/HashMap$Node; @ 129
Event: 0.593 Thread 0x00000000032ae800 Uncommon trap: reason=bimorphic action=maybe_recompile pc=0x000000000361a4b0 method=java.util.HashMap.putVal(ILjava/lang/Object;Ljava/lang/Object;ZZ)Ljava/lang/Object; @ 203

Classes redefined (0 events):
No events

Internal exceptions (10 events):
Event: 0.412 Thread 0x00000000032ae800 Exception <a 'java/lang/ArrayIndexOutOfBoundsException'> (0x00000000d71aca48) thrown at [C:\re\workspace\8-2-build-windows-amd64-cygwin\jdk8u191\11896\hotspot\src\share\vm\runtime\sharedRuntime.cpp, line 605]
Event: 0.412 Thread 0x00000000032ae800 Exception <a 'java/lang/ArrayIndexOutOfBoundsException'> (0x00000000d71ae0d8) thrown at [C:\re\workspace\8-2-build-windows-amd64-cygwin\jdk8u191\11896\hotspot\src\share\vm\runtime\sharedRuntime.cpp, line 605]
Event: 0.412 Thread 0x00000000032ae800 Exception <a 'java/lang/ArrayIndexOutOfBoundsException'> (0x00000000d71af860) thrown at [C:\re\workspace\8-2-build-windows-amd64-cygwin\jdk8u191\11896\hotspot\src\share\vm\runtime\sharedRuntime.cpp, line 605]
Event: 0.412 Thread 0x00000000032ae800 Exception <a 'java/lang/ArrayIndexOutOfBoundsException'> (0x00000000d71b0ca0) thrown at [C:\re\workspace\8-2-build-windows-amd64-cygwin\jdk8u191\11896\hotspot\src\share\vm\runtime\sharedRuntime.cpp, line 605]
Event: 0.412 Thread 0x00000000032ae800 Exception <a 'java/lang/ArrayIndexOutOfBoundsException'> (0x00000000d71b28a0) thrown at [C:\re\workspace\8-2-build-windows-amd64-cygwin\jdk8u191\11896\hotspot\src\share\vm\runtime\sharedRuntime.cpp, line 605]
Event: 0.412 Thread 0x00000000032ae800 Exception <a 'java/lang/ArrayIndexOutOfBoundsException'> (0x00000000d71b45e0) thrown at [C:\re\workspace\8-2-build-windows-amd64-cygwin\jdk8u191\11896\hotspot\src\share\vm\runtime\sharedRuntime.cpp, line 605]
Event: 0.412 Thread 0x00000000032ae800 Exception <a 'java/lang/ArrayIndexOutOfBoundsException'> (0x00000000d71b5b38) thrown at [C:\re\workspace\8-2-build-windows-amd64-cygwin\jdk8u191\11896\hotspot\src\share\vm\runtime\sharedRuntime.cpp, line 605]
Event: 0.412 Thread 0x00000000032ae800 Exception <a 'java/lang/ArrayIndexOutOfBoundsException'> (0x00000000d71b7088) thrown at [C:\re\workspace\8-2-build-windows-amd64-cygwin\jdk8u191\11896\hotspot\src\share\vm\runtime\sharedRuntime.cpp, line 605]
Event: 0.511 Thread 0x00000000032ae800 Exception <a 'java/lang/ArrayIndexOutOfBoundsException': 73> (0x00000000d7bf69d8) thrown at [C:\re\workspace\8-2-build-windows-amd64-cygwin\jdk8u191\11896\hotspot\src\share\vm\interpreter\interpreterRuntime.cpp, line 366]
Event: 0.511 Thread 0x00000000032ae800 Exception <a 'java/lang/ArrayIndexOutOfBoundsException': 131> (0x00000000d7bf8380) thrown at [C:\re\workspace\8-2-build-windows-amd64-cygwin\jdk8u191\11896\hotspot\src\share\vm\interpreter\interpreterRuntime.cpp, line 366]

Events (10 events):
Event: 0.800 loading class com/google/inject/internal/TypeConverterBindingProcessor$2
Event: 0.800 loading class com/google/inject/internal/TypeConverterBindingProcessor$2 done
Event: 0.800 loading class com/google/inject/internal/TypeConverterBindingProcessor$3
Event: 0.800 loading class com/google/inject/internal/TypeConverterBindingProcessor$3 done
Event: 0.800 loading class com/google/inject/internal/TypeConverterBindingProcessor$4
Event: 0.800 loading class com/google/inject/internal/TypeConverterBindingProcessor$4 done
Event: 0.800 loading class com/google/inject/internal/MessageProcessor
Event: 0.800 loading class com/google/inject/internal/MessageProcessor done
Event: 0.801 loading class com/google/inject/internal/ListenerBindingProcessor
Event: 0.801 loading class com/google/inject/internal/ListenerBindingProcessor done


Dynamic libraries:
0x00007ff6aa780000 - 0x00007ff6aa7b7000 	D:\Program Files\JDK\bin\javaw.exe
0x00007ff822a60000 - 0x00007ff822c50000 	C:\WINDOWS\SYSTEM32\ntdll.dll
0x00007ff821fd0000 - 0x00007ff822082000 	C:\WINDOWS\System32\KERNEL32.DLL
0x00007ff81f9f0000 - 0x00007ff81fc93000 	C:\WINDOWS\System32\KERNELBASE.dll
0x00007ff822790000 - 0x00007ff822833000 	C:\WINDOWS\System32\ADVAPI32.dll
0x00007ff822840000 - 0x00007ff8228de000 	C:\WINDOWS\System32\msvcrt.dll
0x00007ff821200000 - 0x00007ff821297000 	C:\WINDOWS\System32\sechost.dll
0x00007ff8216a0000 - 0x00007ff8217c0000 	C:\WINDOWS\System32\RPCRT4.dll
0x00007ff821480000 - 0x00007ff821614000 	C:\WINDOWS\System32\USER32.dll
0x00007ff8206f0000 - 0x00007ff820711000 	C:\WINDOWS\System32\win32u.dll
0x00007ff821920000 - 0x00007ff821946000 	C:\WINDOWS\System32\GDI32.dll
0x00007ff820870000 - 0x00007ff820a04000 	C:\WINDOWS\System32\gdi32full.dll
0x00007ff8205a0000 - 0x00007ff82063e000 	C:\WINDOWS\System32\msvcp_win.dll
0x00007ff820a10000 - 0x00007ff820b0a000 	C:\WINDOWS\System32\ucrtbase.dll
0x00007ff80fc10000 - 0x00007ff80fe95000 	C:\WINDOWS\WinSxS\amd64_microsoft.windows.common-controls_6595b64144ccf1df_6.0.18362.535_none_e6c3b34713100821\COMCTL32.dll
0x00007ff821c60000 - 0x00007ff821f96000 	C:\WINDOWS\System32\combase.dll
0x00007ff820790000 - 0x00007ff820810000 	C:\WINDOWS\System32\bcryptPrimitives.dll
0x00007ff821fa0000 - 0x00007ff821fce000 	C:\WINDOWS\System32\IMM32.DLL
0x0000000057fc0000 - 0x0000000058092000 	D:\Program Files\JDK\jre\bin\msvcr100.dll
0x0000000058760000 - 0x0000000059004000 	D:\Program Files\JDK\jre\bin\server\jvm.dll
0x00007ff821bd0000 - 0x00007ff821bd8000 	C:\WINDOWS\System32\PSAPI.DLL
0x00007ff81d180000 - 0x00007ff81d1a4000 	C:\WINDOWS\SYSTEM32\WINMM.dll
0x00007ff8150c0000 - 0x00007ff8150ca000 	C:\WINDOWS\SYSTEM32\VERSION.dll
0x00007ff809220000 - 0x00007ff809229000 	C:\WINDOWS\SYSTEM32\WSOCK32.dll
0x00007ff8229b0000 - 0x00007ff822a1f000 	C:\WINDOWS\System32\WS2_32.dll
0x00007ff81cd00000 - 0x00007ff81cd2d000 	C:\WINDOWS\SYSTEM32\winmmbase.dll
0x00007ff820740000 - 0x00007ff82078a000 	C:\WINDOWS\System32\cfgmgr32.dll
0x0000000059200000 - 0x000000005920f000 	D:\Program Files\JDK\jre\bin\verify.dll
0x0000000058650000 - 0x0000000058679000 	D:\Program Files\JDK\jre\bin\java.dll
0x00000000591e0000 - 0x00000000591f6000 	D:\Program Files\JDK\jre\bin\zip.dll
0x00007ff820b10000 - 0x00007ff8211f5000 	C:\WINDOWS\System32\SHELL32.dll
0x00007ff8217c0000 - 0x00007ff821869000 	C:\WINDOWS\System32\shcore.dll
0x00007ff81fca0000 - 0x00007ff82041f000 	C:\WINDOWS\System32\windows.storage.dll
0x00007ff81f9d0000 - 0x00007ff81f9ef000 	C:\WINDOWS\System32\profapi.dll
0x00007ff81f960000 - 0x00007ff81f9aa000 	C:\WINDOWS\System32\powrprof.dll
0x00007ff81f930000 - 0x00007ff81f940000 	C:\WINDOWS\System32\UMPDC.dll
0x00007ff821950000 - 0x00007ff8219a2000 	C:\WINDOWS\System32\shlwapi.dll
0x00007ff81f940000 - 0x00007ff81f951000 	C:\WINDOWS\System32\kernel.appcore.dll
0x00007ff820720000 - 0x00007ff820737000 	C:\WINDOWS\System32\cryptsp.dll
0x00007ff81a5a0000 - 0x00007ff81a5aa000 	D:\Program Files\apache-maven-3.5.0\lib\jansi-native\windows64\jansi.dll

VM Arguments:
jvm_args: -Dmaven.home=D:\Program Files\apache-maven-3.5.0 -Dclassworlds.conf=D:\eclipse-mtax\.metadata\.plugins\org.eclipse.m2e.launching\launches\m2conf5249585808678701519.tmp -Dmaven.multiModuleProjectDirectory=D:\Program Files\Sourcetree\pinyougou\pinyougou-search-web -Dfile.encoding=GBK 
java_command: org.codehaus.plexus.classworlds.launcher.Launcher -B -gs D:\Program Files\apache-maven-3.5.0\conf\settings.xml -s D:\Program Files\maven-repository-allen\settings.xml tomcat7:run
java_class_path (initial): D:\Program Files\apache-maven-3.5.0\boot\plexus-classworlds-2.5.2.jar
Launcher Type: SUN_STANDARD

Environment Variables:
JAVA_HOME=D:\Program Files\JDK
CLASSPATH=.;D:\Program Files\JDK\lib;D:\Program Files\JDK\lib\dt.jar;D:\Program Files\JDK\lib\tools.jar
PATH=D:/Program Files/JDK/bin/../jre/bin/server;D:/Program Files/JDK/bin/../jre/bin;D:/Program Files/JDK/bin/../jre/lib/amd64;C:\Python27\;C:\Python27\Scripts;D:\app\Allen\product\11.2.0\dbhome_1\bin;C:\Program Files (x86)\Intel\Intel(R) Management Engine Components\iCLS\;C:\Program Files\Intel\Intel(R) Management Engine Components\iCLS\;C:\Windows\system32;C:\Windows;C:\Windows\System32\Wbem;C:\Windows\System32\WindowsPowerShell\v1.0\;C:\Windows\System32\OpenSSH\;C:\Program Files (x86)\Intel\Intel(R) Management Engine Components\DAL;C:\Program Files\Intel\Intel(R) Management Engine Components\DAL;C:\Program Files (x86)\Intel\Intel(R) Management Engine Components\IPT;C:\Program Files\Intel\Intel(R) Management Engine Components\IPT;C:\Program Files (x86)\NVIDIA Corporation\PhysX\Common;C:\Program Files\Intel\WiFi\bin\;C:\Program Files\Common Files\Intel\WirelessCommon\;D:\Program Files\JDK\bin;D:\Program Files\JDK\jre\bin;D:\Program Files\MySQL\bin;D:\Program Files\MySQL\bin;D:\Program Files\Tomcat\bin;C:\WINDOWS\system32;C:\WINDOWS;C:\WINDOWS\System32\Wbem;C:\WINDOWS\System32\WindowsPowerShell\v1.0\;C:\WINDOWS\System32\OpenSSH\;D:\Program Files\zookeeper\zookeeper-3.5.4-beta\bin;C:\Program Files\NVIDIA Corporation\NVIDIA NvDLISR;D:\Program Files\nodejs\;C:\ProgramData\chocolatey\bin;D:\Program Files\apache-maven-3.5.0\bin;C:\Users\Allen\AppData\Local\Microsoft\WindowsApps;D:\Program Files\nodejs\node_global;;D:\Program Files\eclipse-committers-2019-12-R-win32-x86_64\eclipse;
USERNAME=Allen
OS=Windows_NT
PROCESSOR_IDENTIFIER=Intel64 Family 6 Model 142 Stepping 10, GenuineIntel



---------------  S Y S T E M  ---------------

OS: Windows 10.0 , 64 bit Build 18362 (10.0.18362.329)

CPU:total 8 (initial active 8) (4 cores per cpu, 2 threads per core) family 6 model 142 stepping 10, cmov, cx8, fxsr, mmx, sse, sse2, sse3, ssse3, sse4.1, sse4.2, popcnt, avx, avx2, aes, clmul, erms, 3dnowpref, lzcnt, ht, tsc, tscinvbit, bmi1, bmi2, adx

Memory: 4k page, physical 8268520k(583720k free), swap 18754276k(5548k free)

vm_info: Java HotSpot(TM) 64-Bit Server VM (25.191-b12) for windows-amd64 JRE (1.8.0_191-b12), built on Oct  6 2018 09:29:03 by "java_re" with MS VC++ 10.0 (VS2010)

time: Mon Jan 20 17:22:04 2020
elapsed time: 0 seconds (0d 0h 0m 0s)

